2024-06-01 01:58:47.498: prod
2024-06-01 01:58:47.508: prod
2024-06-01 01:58:47.501: production mode
2024-06-01 01:58:47.501: mongodb+srv://stan:root@cluster0.rzgkc.mongodb.net/?retryWrites=true&w=majority&appName=Cluster0?directConnection=true&serverSelectionTimeoutMS=2000authSource=admin
2024-06-01 01:58:47.512: production mode
2024-06-01 01:58:47.512: mongodb+srv://stan:root@cluster0.rzgkc.mongodb.net/?retryWrites=true&w=majority&appName=Cluster0?directConnection=true&serverSelectionTimeoutMS=2000authSource=admin
2024-06-01 01:58:47.599: prod
2024-06-01 01:58:47.617: prod
2024-06-01 01:58:47.602: production mode
2024-06-01 01:58:47.602: mongodb+srv://stan:root@cluster0.rzgkc.mongodb.net/?retryWrites=true&w=majority&appName=Cluster0?directConnection=true&serverSelectionTimeoutMS=2000authSource=admin
2024-06-01 01:58:47.665: prod
2024-06-01 01:58:47.621: production mode
2024-06-01 01:58:47.621: mongodb+srv://stan:root@cluster0.rzgkc.mongodb.net/?retryWrites=true&w=majority&appName=Cluster0?directConnection=true&serverSelectionTimeoutMS=2000authSource=admin
2024-06-01 01:58:47.705: prod
2024-06-01 01:58:47.669: production mode
2024-06-01 01:58:47.670: mongodb+srv://stan:root@cluster0.rzgkc.mongodb.net/?retryWrites=true&w=majority&appName=Cluster0?directConnection=true&serverSelectionTimeoutMS=2000authSource=admin
2024-06-01 01:58:47.747: prod
2024-06-01 01:58:47.759: prod
2024-06-01 01:58:47.717: production mode
2024-06-01 01:58:47.717: mongodb+srv://stan:root@cluster0.rzgkc.mongodb.net/?retryWrites=true&w=majority&appName=Cluster0?directConnection=true&serverSelectionTimeoutMS=2000authSource=admin
2024-06-01 01:58:47.788: prod
2024-06-01 01:58:47.752: production mode
2024-06-01 01:58:47.752: mongodb+srv://stan:root@cluster0.rzgkc.mongodb.net/?retryWrites=true&w=majority&appName=Cluster0?directConnection=true&serverSelectionTimeoutMS=2000authSource=admin
2024-06-01 01:58:47.822: prod
2024-06-01 01:58:47.767: production mode
2024-06-01 01:58:47.767: mongodb+srv://stan:root@cluster0.rzgkc.mongodb.net/?retryWrites=true&w=majority&appName=Cluster0?directConnection=true&serverSelectionTimeoutMS=2000authSource=admin
2024-06-01 01:58:47.845: prod
2024-06-01 01:58:47.791: production mode
2024-06-01 01:58:47.792: mongodb+srv://stan:root@cluster0.rzgkc.mongodb.net/?retryWrites=true&w=majority&appName=Cluster0?directConnection=true&serverSelectionTimeoutMS=2000authSource=admin
2024-06-01 01:58:47.862: prod
2024-06-01 01:58:47.826: production mode
2024-06-01 01:58:47.827: mongodb+srv://stan:root@cluster0.rzgkc.mongodb.net/?retryWrites=true&w=majority&appName=Cluster0?directConnection=true&serverSelectionTimeoutMS=2000authSource=admin
2024-06-01 01:58:47.903: prod
2024-06-01 01:58:47.849: production mode
2024-06-01 01:58:47.849: mongodb+srv://stan:root@cluster0.rzgkc.mongodb.net/?retryWrites=true&w=majority&appName=Cluster0?directConnection=true&serverSelectionTimeoutMS=2000authSource=admin
2024-06-01 01:58:47.866: production mode
2024-06-01 01:58:47.866: mongodb+srv://stan:root@cluster0.rzgkc.mongodb.net/?retryWrites=true&w=majority&appName=Cluster0?directConnection=true&serverSelectionTimeoutMS=2000authSource=admin
2024-06-01 01:58:47.928: prod
2024-06-01 01:58:47.905: production mode
2024-06-01 01:58:47.905: mongodb+srv://stan:root@cluster0.rzgkc.mongodb.net/?retryWrites=true&w=majority&appName=Cluster0?directConnection=true&serverSelectionTimeoutMS=2000authSource=admin
2024-06-01 01:58:47.930: production mode
2024-06-01 01:58:47.930: mongodb+srv://stan:root@cluster0.rzgkc.mongodb.net/?retryWrites=true&w=majority&appName=Cluster0?directConnection=true&serverSelectionTimeoutMS=2000authSource=admin
2024-06-01 01:58:47.989: prod
2024-06-01 01:58:47.992: production mode
2024-06-01 01:58:47.992: mongodb+srv://stan:root@cluster0.rzgkc.mongodb.net/?retryWrites=true&w=majority&appName=Cluster0?directConnection=true&serverSelectionTimeoutMS=2000authSource=admin
2024-06-01 01:58:48.035: prod
2024-06-01 01:58:48.035: prod
2024-06-01 01:58:48.037: production mode
2024-06-01 01:58:48.037: mongodb+srv://stan:root@cluster0.rzgkc.mongodb.net/?retryWrites=true&w=majority&appName=Cluster0?directConnection=true&serverSelectionTimeoutMS=2000authSource=admin
2024-06-01 01:58:48.063: prod
2024-06-01 01:58:48.067: prod
2024-06-01 01:58:48.038: production mode
2024-06-01 01:58:48.038: mongodb+srv://stan:root@cluster0.rzgkc.mongodb.net/?retryWrites=true&w=majority&appName=Cluster0?directConnection=true&serverSelectionTimeoutMS=2000authSource=admin
2024-06-01 01:58:48.065: production mode
2024-06-01 01:58:48.066: mongodb+srv://stan:root@cluster0.rzgkc.mongodb.net/?retryWrites=true&w=majority&appName=Cluster0?directConnection=true&serverSelectionTimeoutMS=2000authSource=admin
2024-06-01 01:58:48.069: production mode
2024-06-01 01:58:48.069: mongodb+srv://stan:root@cluster0.rzgkc.mongodb.net/?retryWrites=true&w=majority&appName=Cluster0?directConnection=true&serverSelectionTimeoutMS=2000authSource=admin
2024-06-01 01:58:48.173: MongoDB connection ready!
2024-06-01 01:58:48.173: MongoDB connection ready!
2024-06-01 01:58:48.173: MongoDB connection ready!
2024-06-01 01:58:48.175: MongoDB connection ready!
2024-06-01 01:58:48.176: Listening on port 4000...
2024-06-01 01:58:48.177: Listening on port 4000...
2024-06-01 01:58:48.179: Listening on port 4000...
2024-06-01 01:58:48.181: Listening on port 4000...
2024-06-01 01:58:48.196: prod
2024-06-01 01:58:48.224: MongoDB connection ready!
2024-06-01 01:58:48.230: Listening on port 4000...
2024-06-01 01:58:48.199: production mode
2024-06-01 01:58:48.199: mongodb+srv://stan:root@cluster0.rzgkc.mongodb.net/?retryWrites=true&w=majority&appName=Cluster0?directConnection=true&serverSelectionTimeoutMS=2000authSource=admin
2024-06-01 01:58:48.243: MongoDB connection ready!
2024-06-01 01:58:48.246: Listening on port 4000...
2024-06-01 01:58:48.281: MongoDB connection ready!
2024-06-01 01:58:48.292: Listening on port 4000...
2024-06-01 01:58:48.338: MongoDB connection ready!
2024-06-01 01:58:48.354: Listening on port 4000...
2024-06-01 01:58:48.369: MongoDB connection ready!
2024-06-01 01:58:48.381: Listening on port 4000...
2024-06-01 01:58:48.384: MongoDB connection ready!
2024-06-01 01:58:48.395: Listening on port 4000...
2024-06-01 01:58:48.414: MongoDB connection ready!
2024-06-01 01:58:48.418: MongoDB connection ready!
2024-06-01 01:58:48.422: MongoDB connection ready!
2024-06-01 01:58:48.424: Listening on port 4000...
2024-06-01 01:58:48.429: MongoDB connection ready!
2024-06-01 01:58:48.431: Listening on port 4000...
2024-06-01 01:58:48.439: Listening on port 4000...
2024-06-01 01:58:48.440: Listening on port 4000...
2024-06-01 01:58:48.535: MongoDB connection ready!
2024-06-01 01:58:48.541: MongoDB connection ready!
2024-06-01 01:58:48.549: Listening on port 4000...
2024-06-01 01:58:48.554: Listening on port 4000...
2024-06-01 01:58:48.582: MongoDB connection ready!
2024-06-01 01:58:48.582: MongoDB connection ready!
2024-06-01 01:58:48.584: MongoDB connection ready!
2024-06-01 01:58:48.593: Listening on port 4000...
2024-06-01 01:58:48.594: Listening on port 4000...
2024-06-01 01:58:48.602: Listening on port 4000...
2024-06-01 01:58:48.738: MongoDB connection ready!
2024-06-01 01:58:48.751: Listening on port 4000...
2024-06-01 11:15:08.961: prod
2024-06-01 11:15:09.022: prod
2024-06-01 11:15:09.034: prod
2024-06-01 11:15:08.966: production mode
2024-06-01 11:15:08.966: mongodb+srv://stan:root@cluster0.rzgkc.mongodb.net/?retryWrites=true&w=majority&appName=Cluster0?directConnection=true&serverSelectionTimeoutMS=2000authSource=admin
2024-06-01 11:15:09.048: prod
2024-06-01 11:15:09.026: production mode
2024-06-01 11:15:09.026: mongodb+srv://stan:root@cluster0.rzgkc.mongodb.net/?retryWrites=true&w=majority&appName=Cluster0?directConnection=true&serverSelectionTimeoutMS=2000authSource=admin
2024-06-01 11:15:09.038: production mode
2024-06-01 11:15:09.038: mongodb+srv://stan:root@cluster0.rzgkc.mongodb.net/?retryWrites=true&w=majority&appName=Cluster0?directConnection=true&serverSelectionTimeoutMS=2000authSource=admin
2024-06-01 11:15:09.051: production mode
2024-06-01 11:15:09.051: mongodb+srv://stan:root@cluster0.rzgkc.mongodb.net/?retryWrites=true&w=majority&appName=Cluster0?directConnection=true&serverSelectionTimeoutMS=2000authSource=admin
2024-06-01 11:15:09.117: prod
2024-06-01 11:15:09.137: prod
2024-06-01 11:15:09.121: production mode
2024-06-01 11:15:09.121: mongodb+srv://stan:root@cluster0.rzgkc.mongodb.net/?retryWrites=true&w=majority&appName=Cluster0?directConnection=true&serverSelectionTimeoutMS=2000authSource=admin
2024-06-01 11:15:09.141: production mode
2024-06-01 11:15:09.141: mongodb+srv://stan:root@cluster0.rzgkc.mongodb.net/?retryWrites=true&w=majority&appName=Cluster0?directConnection=true&serverSelectionTimeoutMS=2000authSource=admin
2024-06-01 11:15:09.221: prod
2024-06-01 11:15:09.242: prod
2024-06-01 11:15:09.255: prod
2024-06-01 11:15:09.224: production mode
2024-06-01 11:15:09.224: mongodb+srv://stan:root@cluster0.rzgkc.mongodb.net/?retryWrites=true&w=majority&appName=Cluster0?directConnection=true&serverSelectionTimeoutMS=2000authSource=admin
2024-06-01 11:15:09.287: prod
2024-06-01 11:15:09.290: prod
2024-06-01 11:15:09.292: prod
2024-06-01 11:15:09.303: prod
2024-06-01 11:15:09.259: production mode
2024-06-01 11:15:09.259: mongodb+srv://stan:root@cluster0.rzgkc.mongodb.net/?retryWrites=true&w=majority&appName=Cluster0?directConnection=true&serverSelectionTimeoutMS=2000authSource=admin
2024-06-01 11:15:09.246: production mode
2024-06-01 11:15:09.246: mongodb+srv://stan:root@cluster0.rzgkc.mongodb.net/?retryWrites=true&w=majority&appName=Cluster0?directConnection=true&serverSelectionTimeoutMS=2000authSource=admin
2024-06-01 11:15:09.296: production mode
2024-06-01 11:15:09.296: mongodb+srv://stan:root@cluster0.rzgkc.mongodb.net/?retryWrites=true&w=majority&appName=Cluster0?directConnection=true&serverSelectionTimeoutMS=2000authSource=admin
2024-06-01 11:15:09.294: production mode
2024-06-01 11:15:09.294: mongodb+srv://stan:root@cluster0.rzgkc.mongodb.net/?retryWrites=true&w=majority&appName=Cluster0?directConnection=true&serverSelectionTimeoutMS=2000authSource=admin
2024-06-01 11:15:09.291: production mode
2024-06-01 11:15:09.291: mongodb+srv://stan:root@cluster0.rzgkc.mongodb.net/?retryWrites=true&w=majority&appName=Cluster0?directConnection=true&serverSelectionTimeoutMS=2000authSource=admin
2024-06-01 11:15:09.307: production mode
2024-06-01 11:15:09.307: mongodb+srv://stan:root@cluster0.rzgkc.mongodb.net/?retryWrites=true&w=majority&appName=Cluster0?directConnection=true&serverSelectionTimeoutMS=2000authSource=admin
2024-06-01 11:15:09.389: prod
2024-06-01 11:15:09.412: prod
2024-06-01 11:15:09.414: prod
2024-06-01 11:15:09.425: prod
2024-06-01 11:15:09.425: prod
2024-06-01 11:15:09.393: production mode
2024-06-01 11:15:09.393: mongodb+srv://stan:root@cluster0.rzgkc.mongodb.net/?retryWrites=true&w=majority&appName=Cluster0?directConnection=true&serverSelectionTimeoutMS=2000authSource=admin
2024-06-01 11:15:09.416: production mode
2024-06-01 11:15:09.416: mongodb+srv://stan:root@cluster0.rzgkc.mongodb.net/?retryWrites=true&w=majority&appName=Cluster0?directConnection=true&serverSelectionTimeoutMS=2000authSource=admin
2024-06-01 11:15:09.427: production mode
2024-06-01 11:15:09.428: mongodb+srv://stan:root@cluster0.rzgkc.mongodb.net/?retryWrites=true&w=majority&appName=Cluster0?directConnection=true&serverSelectionTimeoutMS=2000authSource=admin
2024-06-01 11:15:09.415: production mode
2024-06-01 11:15:09.416: mongodb+srv://stan:root@cluster0.rzgkc.mongodb.net/?retryWrites=true&w=majority&appName=Cluster0?directConnection=true&serverSelectionTimeoutMS=2000authSource=admin
2024-06-01 11:15:09.474: prod
2024-06-01 11:15:09.429: production mode
2024-06-01 11:15:09.429: mongodb+srv://stan:root@cluster0.rzgkc.mongodb.net/?retryWrites=true&w=majority&appName=Cluster0?directConnection=true&serverSelectionTimeoutMS=2000authSource=admin
2024-06-01 11:15:09.501: prod
2024-06-01 11:15:09.478: production mode
2024-06-01 11:15:09.478: mongodb+srv://stan:root@cluster0.rzgkc.mongodb.net/?retryWrites=true&w=majority&appName=Cluster0?directConnection=true&serverSelectionTimeoutMS=2000authSource=admin
2024-06-01 11:15:09.504: production mode
2024-06-01 11:15:09.505: mongodb+srv://stan:root@cluster0.rzgkc.mongodb.net/?retryWrites=true&w=majority&appName=Cluster0?directConnection=true&serverSelectionTimeoutMS=2000authSource=admin
2024-06-01 11:15:09.585: MongoDB connection ready!
2024-06-01 11:15:09.592: MongoDB connection ready!
2024-06-01 11:15:09.597: MongoDB connection ready!
2024-06-01 11:15:09.604: Listening on port 4000...
2024-06-01 11:15:09.606: Listening on port 4000...
2024-06-01 11:15:09.608: Listening on port 4000...
2024-06-01 11:15:09.621: MongoDB connection ready!
2024-06-01 11:15:09.630: MongoDB connection ready!
2024-06-01 11:15:09.636: Listening on port 4000...
2024-06-01 11:15:09.645: Listening on port 4000...
2024-06-01 11:15:09.667: MongoDB connection ready!
2024-06-01 11:15:09.682: Listening on port 4000...
2024-06-01 11:15:09.718: MongoDB connection ready!
2024-06-01 11:15:09.732: Listening on port 4000...
2024-06-01 11:15:09.748: MongoDB connection ready!
2024-06-01 11:15:09.759: Listening on port 4000...
2024-06-01 11:15:09.782: MongoDB connection ready!
2024-06-01 11:15:09.795: Listening on port 4000...
2024-06-01 11:15:09.796: MongoDB connection ready!
2024-06-01 11:15:09.806: Listening on port 4000...
2024-06-01 11:15:09.822: MongoDB connection ready!
2024-06-01 11:15:09.828: MongoDB connection ready!
2024-06-01 11:15:09.836: Listening on port 4000...
2024-06-01 11:15:09.842: Listening on port 4000...
2024-06-01 11:15:09.865: MongoDB connection ready!
2024-06-01 11:15:09.879: Listening on port 4000...
2024-06-01 11:15:09.922: MongoDB connection ready!
2024-06-01 11:15:09.933: Listening on port 4000...
2024-06-01 11:15:09.956: MongoDB connection ready!
2024-06-01 11:15:09.960: MongoDB connection ready!
2024-06-01 11:15:09.961: MongoDB connection ready!
2024-06-01 11:15:09.967: Listening on port 4000...
2024-06-01 11:15:09.968: MongoDB connection ready!
2024-06-01 11:15:09.973: Listening on port 4000...
2024-06-01 11:15:09.975: Listening on port 4000...
2024-06-01 11:15:09.982: Listening on port 4000...
2024-06-01 11:15:10.021: MongoDB connection ready!
2024-06-01 11:15:10.033: Listening on port 4000...
2024-06-01 11:15:10.065: MongoDB connection ready!
2024-06-01 11:15:10.079: Listening on port 4000...
